<?xml version="1.0" encoding="UTF-8" ?>
<testsuite tests="14" failures="0" name="at.aau.ue4.bsp1.RingBufferTest" time="0.046" errors="0" skipped="0">
  <properties>
    <property name="idea.version" value="2020.3"/>
    <property name="java.runtime.name" value="OpenJDK Runtime Environment"/>
    <property name="java.vm.version" value="15.0.1+9-18"/>
    <property name="sun.boot.library.path" value="C:\Users\Phili\.jdks\openjdk-15.0.1\bin"/>
    <property name="maven.multiModuleProjectDirectory" value="D:\Dokumente\GitHub\Software-Engineering1\Blatt4\projekt"/>
    <property name="java.vm.vendor" value="Oracle Corporation"/>
    <property name="java.vendor.url" value="https://java.oracle.com/"/>
    <property name="guice.disable.misplaced.annotation.check" value="true"/>
    <property name="path.separator" value=";"/>
    <property name="java.vm.name" value="OpenJDK 64-Bit Server VM"/>
    <property name="sun.os.patch.level" value=""/>
    <property name="user.script" value=""/>
    <property name="user.country" value="DE"/>
    <property name="sun.java.launcher" value="SUN_STANDARD"/>
    <property name="java.vm.specification.name" value="Java Virtual Machine Specification"/>
    <property name="user.dir" value="D:\Dokumente\GitHub\Software-Engineering1\Blatt4\projekt"/>
    <property name="java.vm.compressedOopsMode" value="Zero based"/>
    <property name="java.runtime.version" value="15.0.1+9-18"/>
    <property name="os.arch" value="amd64"/>
    <property name="java.io.tmpdir" value="C:\Users\Phili\AppData\Local\Temp\"/>
    <property name="line.separator" value="
"/>
    <property name="java.vm.specification.vendor" value="Oracle Corporation"/>
    <property name="user.variant" value=""/>
    <property name="os.name" value="Windows 10"/>
    <property name="maven.ext.class.path" value="D:\Programme\IntelliJ IDEA\IntelliJ IDEA 2020.3\plugins\maven\lib\maven-event-listener.jar"/>
    <property name="classworlds.conf" value="D:\Programme\IntelliJ IDEA\IntelliJ IDEA 2020.3\plugins\maven\lib\maven3\bin\m2.conf"/>
    <property name="sun.jnu.encoding" value="Cp1252"/>
    <property name="java.library.path" value="C:\Users\Phili\.jdks\openjdk-15.0.1\bin;C:\Windows\Sun\Java\bin;C:\Windows\system32;C:\Windows;C:\Program Files (x86)\Common Files\Oracle\Java\javapath;C:\Windows\system32;C:\Windows;C:\Windows\System32\Wbem;C:\Windows\System32\WindowsPowerShell\v1.0\;C:\Windows\System32\OpenSSH\;C:\Program Files (x86)\NVIDIA Corporation\PhysX\Common;C:\Program Files\NVIDIA Corporation\NVIDIA NvDLISR;C:\Program Files\nodejs\;C:\Program Files\Git\cmd;C:\Users\Phili\AppData\Local\Microsoft\WindowsApps;C:\Users\Phili\AppData\Local\GitHubDesktop\bin;D:\Programme\Heroku\bin;D:\Programme\VSCode\Microsoft VS Code\bin;C:\Users\Phili\AppData\Roaming\npm;."/>
    <property name="maven.conf" value="D:\Programme\IntelliJ IDEA\IntelliJ IDEA 2020.3\plugins\maven\lib\maven3/conf"/>
    <property name="jdk.debug" value="release"/>
    <property name="java.class.version" value="59.0"/>
    <property name="java.specification.name" value="Java Platform API Specification"/>
    <property name="sun.management.compiler" value="HotSpot 64-Bit Tiered Compilers"/>
    <property name="os.version" value="10.0"/>
    <property name="user.home" value="C:\Users\Phili"/>
    <property name="user.timezone" value="Europe/Vienna"/>
    <property name="file.encoding" value="UTF-8"/>
    <property name="java.specification.version" value="15"/>
    <property name="user.name" value="Phili"/>
    <property name="java.class.path" value="D:\Programme\IntelliJ IDEA\IntelliJ IDEA 2020.3\plugins\maven\lib\maven3\boot\plexus-classworlds-2.6.0.jar;D:\Programme\IntelliJ IDEA\IntelliJ IDEA 2020.3\plugins\maven\lib\maven3\boot\plexus-classworlds.license"/>
    <property name="java.vm.specification.version" value="15"/>
    <property name="sun.arch.data.model" value="64"/>
    <property name="sun.java.command" value="org.codehaus.classworlds.Launcher -Didea.version=2020.3 test"/>
    <property name="java.home" value="C:\Users\Phili\.jdks\openjdk-15.0.1"/>
    <property name="user.language" value="de"/>
    <property name="java.specification.vendor" value="Oracle Corporation"/>
    <property name="java.vm.info" value="mixed mode, sharing"/>
    <property name="java.version" value="15.0.1"/>
    <property name="java.vendor" value="Oracle Corporation"/>
    <property name="maven.home" value="D:\Programme\IntelliJ IDEA\IntelliJ IDEA 2020.3\plugins\maven\lib\maven3"/>
    <property name="file.separator" value="\"/>
    <property name="java.version.date" value="2020-10-20"/>
    <property name="java.vendor.url.bug" value="https://bugreport.java.com/bugreport/"/>
    <property name="sun.io.unicode.encoding" value="UnicodeLittle"/>
    <property name="sun.cpu.endian" value="little"/>
    <property name="sun.cpu.isalist" value="amd64"/>
  </properties>
  <testcase classname="BaseTest" name="Should_AssertTrue_When_BufferIsEmpty()" time="0.031"/>
  <testcase classname="BaseTest" name="Should_ReturnUnsupportedOperationException_When_MethodRemoveIsLoaded()" time="0.002"/>
  <testcase classname="BaseTest" name="Should_ThrowRuntimeException_When_BufferIsEmpty()" time="0.002"/>
  <testcase classname="BaseTest" name="Should_ReturnNextElement_When_ThereIsNoNextElement()" time="0.003"/>
  <testcase classname="BaseTest" name="Should_ReturnItem_When_BufferIsNotEmpty()" time="0"/>
  <testcase classname="BaseTest" name="Should_ReturnTrue_When_BufferIsFull()" time="0"/>
  <testcase classname="BaseTest" name="Should_AssertFalse_When_BufferIsNotEmpty()" time="0.003"/>
  <testcase classname="BaseTest" name="Should_ReturnFalse_When_BufferIsEmpty()" time="0.001"/>
  <testcase classname="BaseTest" name="Should_ReturnFive_When_BufferHasFiveElement()" time="0.001"/>
  <testcase classname="BaseTest" name="Should_ReturnZero_When_BufferIsEmpty()" time="0"/>
  <testcase classname="BaseTest" name="Should_ReturnNoSuchElementException_When_ThereIsNoNextElement()" time="0.001"/>
  <testcase classname="BaseTest" name="Should_ThrowRuntimeException_When_BufferLengthIsEqualToCount()" time="0.001"/>
  <testcase classname="FullCoverageTest" name="test()" time="0"/>
  <testcase classname="FullMutationScoreTest" name="test()" time="0.001"/>
</testsuite>